Start testing: Nov 22 11:10 AST
----------------------------------------------------------
1/2 Testing: positiveJsonParsingTest
1/2 Test: positiveJsonParsingTest
Command: "/home/carl/Desktop/Dev/JTOK/build/tests/positiveJsonParsingTest" "--build-generator" "Unix Makefiles" "--test-command" "/usr/local/bin/ctest"
Directory: /home/carl/Desktop/Dev/JTOK/build/tests
"positiveJsonParsingTest" start time: Nov 22 11:10 AST
Output:
----------------------------------------------------------

Testing jtok parser against valid jsons

{"key1" : [{"arrJsonKey1" : "arrJsonVal1"}, {"arrJsonKey2" : "arrJsonVal2"}]} ... test passed. 

{"key" : true} ... test passed. 

{"key" : false} ... test passed. 

{"key" : null} ... test passed. 

{"key" : "value"} ... test passed. 

{"key" : "ThisIsAveryLongStringThatINeedToMakeVeryLong"} ... test passed. 

{"key" : "true"} ... test passed. 

{"key" : "false"} ... test passed. 

{"key" : "null"} ... test passed. 

{"key" : "key"} ... test passed. 

{"false" : "false"} ... test passed. 

{"null" : "null"} ... test passed. 

{"true" : "true"} ... test passed. 

{"decimalValueKey" : 123.456} ... test passed. 

{"key" : 1234 } ... test passed. 

{"decimalValueString" : "123.456"} ... test passed. 

{"exponentValue": 1.001e-9} ... test passed. 

{"exponentValue": 1.001e9} ... test passed. 

{"exponentValue": 1.001e+9} ... test passed. 

{"exponentValue": 1.001E-9} ... test passed. 

{"exponentValue": 1.001E9} ... test passed. 

{"exponentValue": 1.001E+9} ... test passed. 

{"exponentValue": 1e-9} ... test passed. 

{"exponentValue": 1e9} ... test passed. 

{"exponentValue": 1e+9} ... test passed. 

{"exponentValue": 1E-9} ... test passed. 

{"exponentValue": 1E9} ... test passed. 

{"exponentValue": 1E+9} ... test passed. 

{"decimalValueString" : "-123.456"} ... test passed. 

{"exponentValue": -1.001e-9} ... test passed. 

{"exponentValue": -1.001e9} ... test passed. 

{"exponentValue": -1.001e+9} ... test passed. 

{"exponentValue": -1.001E-9} ... test passed. 

{"exponentValue": -1.001E9} ... test passed. 

{"exponentValue": -1.001E+9} ... test passed. 

{"exponentValue": -1e-9} ... test passed. 

{"exponentValue": -1e9} ... test passed. 

{"exponentValue": -1e+9} ... test passed. 

{"exponentValue": -1E-9} ... test passed. 

{"exponentValue": -1E9} ... test passed. 

{"exponentValue": -1E+9} ... test passed. 

{"hexValueStringifiedKey" : "\uffff"} ... test passed. 

{"hexValueStringifiedKey" : "\u0000"} ... test passed. 

{"hexValueStringifiedKey" : "\uFFFF"} ... test passed. 

{"hexValueStringifiedKey" : "\uABCD"} ... test passed. 

{} ... test passed. 

{"key" : {}} ... test passed. 

{"key" : {"childKey" : 123}} ... test passed. 

{"key" : {"childKey" : "childStringValue"}} ... test passed. 

{"key" : [ true, true, false, false]} ... test passed. 

{"key" : { }} ... test passed. 

{"key" : [ 1, 2, 3] } ... test passed. 

{"key1" : [{"arrJsonKey1" : "arrJsonVal1"}, {"arrJsonKey2" : "arrJsonVal2"}]} ... test passed. 

{"key" : ["1"]} ... test passed. 

{"key" : [1]} ... test passed. 

{"key" : []} ... test passed. 

{"recursion" : {"into" : {"child" : {"objects" : {"key" : [ "array", "that", "is", "deeply", "nested"]}}}}} ... test passed. 

{"key" : {"key" : [{"arrKey" : "arrValue"}]}} ... test passed. 

{"key" : {"childKey" : [ "array", "of", "strings", "as", "child", "key", "values"]}} ... test passed. 

{"differentTypesOfWhiteSpace"	:	"valueString"} ... test passed. 

{
"differentTypesOfWhiteSpace"
:
"valueString"
} ... test passed. 
<end of output>
Test time =   0.00 sec
----------------------------------------------------------
Test Passed.
"positiveJsonParsingTest" end time: Nov 22 11:10 AST
"positiveJsonParsingTest" time elapsed: 00:00:00
----------------------------------------------------------

2/2 Testing: negativeJsonParsingTest
2/2 Test: negativeJsonParsingTest
Command: "/home/carl/Desktop/Dev/JTOK/build/tests/negativeJsonParsingTest" "--build-generator" "Unix Makefiles" "--test-command" "/usr/local/bin/ctest"
Directory: /home/carl/Desktop/Dev/JTOK/build/tests
"negativeJsonParsingTest" start time: Nov 22 11:10 AST
Output:
----------------------------------------------------------

Testing jtok parser against invalid jsons

{key : 123 } ... test passed. status == -3

key : 123 ... test passed. status == -9

{"key"} ... test passed. status == -4

[ ] ... test passed. status == -9

"key" ... test passed. status == -9

123 ... test passed. status == -9

{["123", "456", "abc"]} ... test passed. status == -12

{"key" : ["123" "456" "abc"]} ... test passed. status == -14

{"keyMissingSecondQuote : "stringValue"} ... test passed. status == -3

{keyMissingFirstQuote" : "stringValue"} ... test passed. status == -3

{"key" : valueStringMissingFirstQuote"} ... test passed. status == -3

{"key" : "valueStringMissingSecondQuote} ... test passed. status == -4

{"key" : \uxxxx} ... test passed. status == -3

{"key" : "\uxxxx"}{"key" : {} ... test passed. status == -3

{"key" : }} ... test failed. Expected status < 0
<end of output>
Test time =   0.00 sec
----------------------------------------------------------
Test Failed.
"negativeJsonParsingTest" end time: Nov 22 11:10 AST
"negativeJsonParsingTest" time elapsed: 00:00:00
----------------------------------------------------------

End testing: Nov 22 11:10 AST
